<?xml version="1.0" encoding="UTF-8"?>
<!-- Generated by org.testng.reporters.JUnitXMLReporter -->
<testsuite ignored="1" hostname="DESKTOP-CTA4IR4" failures="0" tests="1" name="Error Validations Test" time="10.298" errors="0" timestamp="2025-11-02T10:46:32 IST">
  <testcase classname="myAcademy.tests.ErrorValidationsTest" name="loginErrorValidation" time="0.918"/>
  <testcase classname="myAcademy.tests.ErrorValidationsTest" name="ProductErrorValidation" time="0.0">
    <ignored/>
  </testcase> <!-- ProductErrorValidation -->
</testsuite> <!-- Error Validations Test -->
