<?xml version="1.0" encoding="UTF-8"?>
<!-- Generated by org.testng.reporters.JUnitXMLReporter -->
<testsuite ignored="2" hostname="DESKTOP-CTA4IR4" failures="0" tests="0" time="0.014" errors="0" timestamp="2025-11-02T10:46:22 IST">
  <testcase classname="myAcademy.tests.SubmitOrderTest2" name="SubmitOrderTest2" time="0.0">
    <ignored/>
  </testcase> <!-- SubmitOrderTest2 -->
  <testcase classname="myAcademy.tests.SubmitOrderTest2" name="orderHistoryTest" time="0.0">
    <ignored/>
  </testcase> <!-- orderHistoryTest -->
</testsuite>
