<?xml version="1.0" encoding="UTF-8"?>
<!-- Generated by org.testng.reporters.JUnitXMLReporter -->
<testsuite ignored="0" hostname="DESKTOP-CTA4IR4" failures="0" tests="2" name="Error Validations Test" time="28.181" errors="0" timestamp="2025-11-04T16:29:00 IST">
  <testcase classname="myAcademy.tests.ErrorValidationsTest" name="ProductErrorValidation" time="20.688"/>
  <testcase classname="myAcademy.tests.ErrorValidationsTest" name="loginErrorValidation" time="0.757"/>
</testsuite> <!-- Error Validations Test -->
