<?xml version="1.0" encoding="UTF-8"?>
<!-- Generated by org.testng.reporters.JUnitXMLReporter -->
<testsuite ignored="0" hostname="DESKTOP-CTA4IR4" failures="0" tests="3" name="Submit Order Test2" time="38.12" errors="0" timestamp="2025-11-04T16:29:09 IST">
  <testcase classname="myAcademy.tests.SubmitOrderTest2" name="SubmitOrderTest2" time="23.249"/>
  <testcase classname="myAcademy.tests.SubmitOrderTest2" name="SubmitOrderTest2" time="5.483"/>
  <testcase classname="myAcademy.tests.SubmitOrderTest2" name="orderHistoryTest" time="0.94"/>
</testsuite> <!-- Submit Order Test2 -->
