<?xml version="1.0" encoding="UTF-8"?>
<!-- Generated by org.testng.reporters.JUnitReportReporter -->
<testsuite hostname="DESKTOP-CTA4IR4" failures="0" tests="3" name="myAcademy.tests.SubmitOrderTest2" time="53.460" errors="0" timestamp="2025-10-16T15:57:40 IST" skipped="0">
  <testcase classname="myAcademy.tests.SubmitOrderTest2" name="SubmitOrderTest2" time="24.152"/>
  <testcase classname="myAcademy.tests.SubmitOrderTest2" name="orderHistoryTest" time="3.816"/>
  <testcase classname="myAcademy.tests.SubmitOrderTest2" name="SubmitOrderTest2" time="25.492"/>
</testsuite> <!-- myAcademy.tests.SubmitOrderTest2 -->
