<?xml version="1.0" encoding="UTF-8"?>
<!-- Generated by org.testng.reporters.JUnitReportReporter -->
<testsuite hostname="DESKTOP-CTA4IR4" failures="0" tests="2" name="myAcademy.tests.ErrorValidationsTest" time="28.101" errors="0" timestamp="2025-11-04T16:29:09 IST" skipped="0">
  <testcase classname="myAcademy.tests.ErrorValidationsTest" name="loginErrorValidation" time="4.575"/>
  <testcase classname="myAcademy.tests.ErrorValidationsTest" name="ProductErrorValidation" time="23.526"/>
</testsuite> <!-- myAcademy.tests.ErrorValidationsTest -->
