<?xml version="1.0" encoding="UTF-8"?>
<!-- Generated by org.testng.reporters.JUnitReportReporter -->
<testsuite hostname="DESKTOP-CTA4IR4" failures="0" tests="3" name="myAcademy.tests.SubmitOrderTest2" time="37.627" errors="0" timestamp="2025-11-04T16:29:09 IST" skipped="0">
  <testcase classname="myAcademy.tests.SubmitOrderTest2" name="orderHistoryTest" time="2.803"/>
  <testcase classname="myAcademy.tests.SubmitOrderTest2" name="SubmitOrderTest2" time="25.947"/>
  <testcase classname="myAcademy.tests.SubmitOrderTest2" name="SubmitOrderTest2" time="8.877"/>
</testsuite> <!-- myAcademy.tests.SubmitOrderTest2 -->
